library/build/intermediates/manifest_merge_blame_file/release/manifest-merger-blame-release-report.txt
1<?xml version="1.0" encoding="utf-8"?>
2<manifest xmlns:android="http://schemas.android.com/apk/res/android"
3    package="com.klinker.android.send_message" >
4
5    <uses-sdk
6        android:minSdkVersion="14"
6-->src\main\AndroidManifest.xml
7        android:targetSdkVersion="25" />
7-->src\main\AndroidManifest.xml
8
9    <application>
9-->src\main\AndroidManifest.xml:6:5-16:19
10        <provider
10-->src\main\AndroidManifest.xml:8:9-12:46
11            android:name="com.klinker.android.send_message.MmsFileProvider"
11-->src\main\AndroidManifest.xml:8:19-50
12            android:authorities="dollar_openBracket_applicationId_closeBracket.MmsFileProvider"
12-->src\main\AndroidManifest.xml:9:19-73
13            android:enabled="true"
13-->src\main\AndroidManifest.xml:10:19-41
14            android:exported="false"
14-->src\main\AndroidManifest.xml:12:19-43
15            android:grantUriPermissions="true" />
15-->src\main\AndroidManifest.xml:11:19-53
16
17        <uses-library
17-->src\main\AndroidManifest.xml:14:9-87
18            android:name="org.apache.http.legacy"
18-->src\main\AndroidManifest.xml:14:23-60
19            android:required="false" />
19-->src\main\AndroidManifest.xml:14:61-85
20    </application>
21
22</manifest>